[33mÁ¨∂ÔΩØ[39m Building...
[32mÁ¨®„Éª[39m Building...
Application bundle generation failed. [3.162 seconds] - 2026-01-09T13:45:13.122Z

Á¨ÜÔΩ≤ [WARNING] NG8113: ParallaxDirective is not used within the template of FeatureComponent [plugin angular-compiler]

    src/components/feature/feature.component.ts:25:4:
      25 Á¨è„Éª    ParallaxDirective
         Á¨äÔΩµ     ~~~~~~~~~~~~~~~~~


Á¨ÜÔΩ≤ [WARNING] NG8113: MagneticDirective is not used within the template of HeaderComponent [plugin angular-compiler]

    src/components/header/header.component.ts:17:26:
      17 Á¨è„Éª  imports: [CommonModule, MagneticDirective],
         Á¨äÔΩµ                           ~~~~~~~~~~~~~~~~~


Á¨ÜÔΩ≤ [WARNING] NG8113: ScrollAnimateDirective is not used within the template of HeroComponent [plugin angular-compiler]

    src/components/hero/hero.component.ts:11:50:
      11 Á¨è„Éª...ts: [CommonModule, GsapSplitTextDirective, ScrollAnimateDirective]
         Á¨äÔΩµ                                               ~~~~~~~~~~~~~~~~~~~~~~


Á¨ÜÔΩ≤ [WARNING] NG8113: MagneticDirective is not used within the template of MembersComponent [plugin angular-compiler]

    src/components/members/members.component.ts:18:4:
      18 Á¨è„Éª    MagneticDirective,
         Á¨äÔΩµ     ~~~~~~~~~~~~~~~~~


Á¨ÜÔΩ≤ [WARNING] NG8113: HoverLiftDirective is not used within the template of StaffComponent [plugin angular-compiler]

    src/components/staff/staff.component.ts:70:73:
      70 Á¨è„Éª..., GsapScrollAnimateDirective, Tilt3DDirective, HoverLiftDirective]
         Á¨äÔΩµ                                                   ~~~~~~~~~~~~~~~~~~


X [ERROR] NG5002: Unexpected closing tag "nav". It may happen when the tag has already been closed by another tag. For more info see https://www.w3.org/TR/html5/syntax.html#closing-elements-that-have-implied-end-tags [plugin angular-compiler]

    src/components/header/header.component.html:72:6:
      72 Á¨è„Éª      </nav>
         Á¨äÔΩµ       ~~~~~~

  Error occurs in the template of component HeaderComponent.

    src/components/header/header.component.ts:14:15:
      14 Á¨è„Éª  templateUrl: './header.component.html',
         Á¨äÔΩµ                ~~~~~~~~~~~~~~~~~~~~~~~~~


X [ERROR] NG8002: Can't bind to 'animation' since it isn't a known property of 'div'. [plugin angular-compiler]

    src/components/hero/hero.component.html:12:21:
      12 Á¨è„Éª      appGsapAnimate [animation]="'fadeUp'" [duration]="0.8">
         Á¨äÔΩµ                      ~~~~~~~~~~~~~~~~~~~~~~

  Error occurs in the template of component HeroComponent.

    src/components/hero/hero.component.ts:8:15:
      8 Á¨è„Éª  templateUrl: './hero.component.html',
        Á¨äÔΩµ                ~~~~~~~~~~~~~~~~~~~~~~~


X [ERROR] NG8002: Can't bind to 'duration' since it isn't a known property of 'div'. [plugin angular-compiler]

    src/components/hero/hero.component.html:12:44:
      12 Á¨è„Éª      appGsapAnimate [animation]="'fadeUp'" [duration]="0.8">
         Á¨äÔΩµ                                             ~~~~~~~~~~~~~~~~

  Error occurs in the template of component HeroComponent.

    src/components/hero/hero.component.ts:8:15:
      8 Á¨è„Éª  templateUrl: './hero.component.html',
        Á¨äÔΩµ                ~~~~~~~~~~~~~~~~~~~~~~~


X [ERROR] NG8002: Can't bind to 'animation' since it isn't a known property of 'p'. [plugin angular-compiler]

    src/components/hero/hero.component.html:28:22:
      28 Á¨è„Éª    <p appGsapAnimate [animation]="'fadeUp'" [duration]="1" [delay...
         Á¨äÔΩµ                       ~~~~~~~~~~~~~~~~~~~~~~

  Error occurs in the template of component HeroComponent.

    src/components/hero/hero.component.ts:8:15:
      8 Á¨è„Éª  templateUrl: './hero.component.html',
        Á¨äÔΩµ                ~~~~~~~~~~~~~~~~~~~~~~~


X [ERROR] NG8002: Can't bind to 'duration' since it isn't a known property of 'p'. [plugin angular-compiler]

    src/components/hero/hero.component.html:28:45:
      28 Á¨è„Éª...appGsapAnimate [animation]="'fadeUp'" [duration]="1" [delay]="0.6"
         Á¨äÔΩµ                                          ~~~~~~~~~~~~~~

  Error occurs in the template of component HeroComponent.

    src/components/hero/hero.component.ts:8:15:
      8 Á¨è„Éª  templateUrl: './hero.component.html',
        Á¨äÔΩµ                ~~~~~~~~~~~~~~~~~~~~~~~


X [ERROR] NG8002: Can't bind to 'delay' since it isn't a known property of 'p'. [plugin angular-compiler]

    src/components/hero/hero.component.html:28:60:
      28 Á¨è„Éª...appGsapAnimate [animation]="'fadeUp'" [duration]="1" [delay]="0.6"
         Á¨äÔΩµ                                                         ~~~~~~~~~~~~~

  Error occurs in the template of component HeroComponent.

    src/components/hero/hero.component.ts:8:15:
      8 Á¨è„Éª  templateUrl: './hero.component.html',
        Á¨äÔΩµ                ~~~~~~~~~~~~~~~~~~~~~~~


X [ERROR] NG8002: Can't bind to 'animation' since it isn't a known property of 'div'. [plugin angular-compiler]

    src/components/hero/hero.component.html:33:70:
      33 Á¨è„Éª...-row gap-6" appGsapAnimate [animation]="'fadeUp'" [duration]="0.8"
         Á¨äÔΩµ                               ~~~~~~~~~~~~~~~~~~~~~~

  Error occurs in the template of component HeroComponent.

    src/components/hero/hero.component.ts:8:15:
      8 Á¨è„Éª  templateUrl: './hero.component.html',
        Á¨äÔΩµ                ~~~~~~~~~~~~~~~~~~~~~~~


X [ERROR] NG8002: Can't bind to 'duration' since it isn't a known property of 'div'. [plugin angular-compiler]

    src/components/hero/hero.component.html:33:93:
      33 Á¨è„Éª...-row gap-6" appGsapAnimate [animation]="'fadeUp'" [duration]="0.8"
         Á¨äÔΩµ                                                      ~~~~~~~~~~~~~~~~

  Error occurs in the template of component HeroComponent.

    src/components/hero/hero.component.ts:8:15:
      8 Á¨è„Éª  templateUrl: './hero.component.html',
        Á¨äÔΩµ                ~~~~~~~~~~~~~~~~~~~~~~~


X [ERROR] NG8002: Can't bind to 'delay' since it isn't a known property of 'div'. [plugin angular-compiler]

    src/components/hero/hero.component.html:34:6:
      34 Á¨è„Éª      [delay]="0.8">
         Á¨äÔΩµ       ~~~~~~~~~~~~~

  Error occurs in the template of component HeroComponent.

    src/components/hero/hero.component.ts:8:15:
      8 Á¨è„Éª  templateUrl: './hero.component.html',
        Á¨äÔΩµ                ~~~~~~~~~~~~~~~~~~~~~~~


X [ERROR] NG8002: Can't bind to 'magneticStrength' since it isn't a known property of 'a'. [plugin angular-compiler]

    src/components/hero/hero.component.html:35:21:
      35 Á¨è„Éª      <a appMagnetic [magneticStrength]="0.2" href="#what-we-do"
         Á¨äÔΩµ                      ~~~~~~~~~~~~~~~~~~~~~~~~

  Error occurs in the template of component HeroComponent.

    src/components/hero/hero.component.ts:8:15:
      8 Á¨è„Éª  templateUrl: './hero.component.html',
        Á¨äÔΩµ                ~~~~~~~~~~~~~~~~~~~~~~~


X [ERROR] NG8002: Can't bind to 'magneticStrength' since it isn't a known property of 'a'. [plugin angular-compiler]

    src/components/hero/hero.component.html:48:21:
      48 Á¨è„Éª      <a appMagnetic [magneticStrength]="0.15" href="#company"
         Á¨äÔΩµ                      ~~~~~~~~~~~~~~~~~~~~~~~~~

  Error occurs in the template of component HeroComponent.

    src/components/hero/hero.component.ts:8:15:
      8 Á¨è„Éª  templateUrl: './hero.component.html',
        Á¨äÔΩµ                ~~~~~~~~~~~~~~~~~~~~~~~


