[33mÁ¨∂ÔΩØ[39m Building...
Á¨ÜÔΩ≤ [WARNING] NG8113: ParallaxDirective is not used within the template of FeatureComponent [plugin angular-compiler]

    src/components/feature/feature.component.ts:25:4:
      25 Á¨è„Éª    ParallaxDirective
         Á¨äÔΩµ     ~~~~~~~~~~~~~~~~~

X [ERROR] NG5002: Unexpected closing tag "nav". It may happen when the tag has already been closed by another tag. For more info see https://www.w3.org/TR/html5/syntax.html#closing-elements-that-have-implied-end-tags [plugin angular-compiler]

    src/components/header/header.component.html:72:6:
      72 Á¨è„Éª      </nav>
         Á¨äÔΩµ       ~~~~~~

  Error occurs in the template of component HeaderComponent.

    src/components/header/header.component.ts:14:15:
      14 Á¨è„Éª  templateUrl: './header.component.html',
         Á¨äÔΩµ                ~~~~~~~~~~~~~~~~~~~~~~~~~

Á¨ÜÔΩ≤ [WARNING] NG8113: MagneticDirective is not used within the template of HeaderComponent [plugin angular-compiler]

    src/components/header/header.component.ts:17:26:
      17 Á¨è„Éª  imports: [CommonModule, MagneticDirective],
         Á¨äÔΩµ                           ~~~~~~~~~~~~~~~~~

Á¨ÜÔΩ≤ [WARNING] NG8113: MagneticDirective is not used within the template of MembersComponent [plugin angular-compiler]

    src/components/members/members.component.ts:18:4:
      18 Á¨è„Éª    MagneticDirective,
         Á¨äÔΩµ     ~~~~~~~~~~~~~~~~~

Á¨ÜÔΩ≤ [WARNING] NG8113: HoverLiftDirective is not used within the template of StaffComponent [plugin angular-compiler]

    src/components/staff/staff.component.ts:70:73:
      70 Á¨è„Éª..., GsapScrollAnimateDirective, Tilt3DDirective, HoverLiftDirective]
         Á¨äÔΩµ                                                   ~~~~~~~~~~~~~~~~~~

Á¨≥„Éª[DEBUG] The conditions "types" and "default" here will never be used as they come after both "import" and "require" [package.json]

    node_modules/gsap/package.json:14:12:
      14 Á¨è„Éª            "types": "./types/index.d.ts",
         Á¨äÔΩµ             ~~~~~~~

  The "import" condition comes earlier and will be used for all "import" statements:

    node_modules/gsap/package.json:12:12:
      12 Á¨è„Éª            "import": "./index.js",
         Á¨äÔΩµ             ~~~~~~~~

  The "require" condition comes earlier and will be used for all "require" calls:

    node_modules/gsap/package.json:13:12:
      13 Á¨è„Éª            "require": "./dist/gsap.js",
         Á¨äÔΩµ             ~~~~~~~~~

Á¨≥„Éª[DEBUG] The conditions "types" and "default" here will never be used as they come after both "import" and "require" [package.json]

    node_modules/gsap/package.json:22:12:
      22 Á¨è„Éª            "types": "./types/*.d.ts",
         Á¨äÔΩµ             ~~~~~~~

  The "import" condition comes earlier and will be used for all "import" statements:

    node_modules/gsap/package.json:20:12:
      20 Á¨è„Éª            "import": "./*.js",
         Á¨äÔΩµ             ~~~~~~~~

  The "require" condition comes earlier and will be used for all "require" calls:

    node_modules/gsap/package.json:21:12:
      21 Á¨è„Éª            "require": "./dist/*.js",
         Á¨äÔΩµ             ~~~~~~~~~

Á¨≥„Éª[DEBUG] The conditions "types" and "default" here will never be used as they come after both "import" and "require" [package.json]

    node_modules/gsap/package.json:28:12:
      28 Á¨è„Éª            "types": "./types/*.d.ts",
         Á¨äÔΩµ             ~~~~~~~

  The "import" condition comes earlier and will be used for all "import" statements:

    node_modules/gsap/package.json:26:12:
      26 Á¨è„Éª            "import": "./*.js",
         Á¨äÔΩµ             ~~~~~~~~

  The "require" condition comes earlier and will be used for all "require" calls:

    node_modules/gsap/package.json:27:12:
      27 Á¨è„Éª            "require": "./dist/*.js",
         Á¨äÔΩµ             ~~~~~~~~~

4 warnings and 1 error
[32mÁ¨®„Éª[39m Building...
Application bundle generation failed. [3.565 seconds] - 2026-01-09T13:47:35.444Z

Á¨ÜÔΩ≤ [WARNING] NG8113: ParallaxDirective is not used within the template of FeatureComponent [plugin angular-compiler]

    src/components/feature/feature.component.ts:25:4:
      25 Á¨è„Éª    ParallaxDirective
         Á¨äÔΩµ     ~~~~~~~~~~~~~~~~~


Á¨ÜÔΩ≤ [WARNING] NG8113: MagneticDirective is not used within the template of HeaderComponent [plugin angular-compiler]

    src/components/header/header.component.ts:17:26:
      17 Á¨è„Éª  imports: [CommonModule, MagneticDirective],
         Á¨äÔΩµ                           ~~~~~~~~~~~~~~~~~


Á¨ÜÔΩ≤ [WARNING] NG8113: MagneticDirective is not used within the template of MembersComponent [plugin angular-compiler]

    src/components/members/members.component.ts:18:4:
      18 Á¨è„Éª    MagneticDirective,
         Á¨äÔΩµ     ~~~~~~~~~~~~~~~~~


Á¨ÜÔΩ≤ [WARNING] NG8113: HoverLiftDirective is not used within the template of StaffComponent [plugin angular-compiler]

    src/components/staff/staff.component.ts:70:73:
      70 Á¨è„Éª..., GsapScrollAnimateDirective, Tilt3DDirective, HoverLiftDirective]
         Á¨äÔΩµ                                                   ~~~~~~~~~~~~~~~~~~


X [ERROR] NG5002: Unexpected closing tag "nav". It may happen when the tag has already been closed by another tag. For more info see https://www.w3.org/TR/html5/syntax.html#closing-elements-that-have-implied-end-tags [plugin angular-compiler]

    src/components/header/header.component.html:72:6:
      72 Á¨è„Éª      </nav>
         Á¨äÔΩµ       ~~~~~~

  Error occurs in the template of component HeaderComponent.

    src/components/header/header.component.ts:14:15:
      14 Á¨è„Éª  templateUrl: './header.component.html',
         Á¨äÔΩµ                ~~~~~~~~~~~~~~~~~~~~~~~~~


